#-----------------------------------------------------------
# Vivado v2018.3 (64-bit)
# SW Build 2405991 on Thu Dec  6 23:38:27 MST 2018
# IP Build 2404404 on Fri Dec  7 01:43:56 MST 2018
# Start of session at: Mon May  3 11:39:37 2021
# Process ID: 19120
# Current directory: C:/Users/lacze/Desktop/AGH-FPGA-S8/AGH-ZYNQ-S8-2021/ADDER_PROJECTS_STANDARD/1_PAWEL/EBAZ4205
# Command line: vivado.exe -gui_launcher_event rodinguilauncherevent3068 C:\Users\lacze\Desktop\AGH-FPGA-S8\AGH-ZYNQ-S8-2021\ADDER_PROJECTS_STANDARD\1_PAWEL\EBAZ4205\TEST_PROJ.xpr
# Log file: C:/Users/lacze/Desktop/AGH-FPGA-S8/AGH-ZYNQ-S8-2021/ADDER_PROJECTS_STANDARD/1_PAWEL/EBAZ4205/vivado.log
# Journal file: C:/Users/lacze/Desktop/AGH-FPGA-S8/AGH-ZYNQ-S8-2021/ADDER_PROJECTS_STANDARD/1_PAWEL/EBAZ4205\vivado.jou
#-----------------------------------------------------------
start_gui
open_project C:/Users/lacze/Desktop/AGH-FPGA-S8/AGH-ZYNQ-S8-2021/ADDER_PROJECTS_STANDARD/1_PAWEL/EBAZ4205/TEST_PROJ.xpr
INFO: [ProjectBase 1-489] The host OS only allows 260 characters in a normal path. The project is stored in a path with more than 80 characters. If you experience issues with IP, Block Designs, or files not being found, please consider moving the project to a location with a shorter path. Alternately consider using the OS subst command to map part of the path to a drive letter.
Current project path is 'C:/Users/lacze/Desktop/AGH-FPGA-S8/AGH-ZYNQ-S8-2021/ADDER_PROJECTS_STANDARD/1_PAWEL/EBAZ4205'
Scanning sources...
Finished scanning sources
INFO: [IP_Flow 19-234] Refreshing IP repositories
INFO: [IP_Flow 19-1700] Loaded user IP repository 'c:/Users/lacze/Desktop/AGH-FPGA-S8/ip_repo/cordic_ip_1.0'.
INFO: [IP_Flow 19-2313] Loaded Vivado IP repository 'H:/Xilinx/Vivado/2018.3/data/ip'.
open_project: Time (s): cpu = 00:00:10 ; elapsed = 00:00:05 . Memory (MB): peak = 799.539 ; gain = 123.531
update_compile_order -fileset sources_1
launch_simulation
INFO: [Vivado 12-5698] Checking validity of IPs in the design for the 'XSim' simulator...
INFO: [Vivado 12-5682] Launching behavioral simulation in 'C:/Users/lacze/Desktop/AGH-FPGA-S8/AGH-ZYNQ-S8-2021/ADDER_PROJECTS_STANDARD/1_PAWEL/EBAZ4205/TEST_PROJ.sim/sim_1/behav/xsim'
INFO: [Vivado 12-4795] Using compiled simulation libraries for IPs
INFO: [SIM-utils-51] Simulation object is 'sim_1'
INFO: [USF-XSim-7] Finding pre-compiled libraries...
INFO: [USF-XSim-11] File 'H:/Xilinx/Vivado/2018.3/data/xsim/xsim.ini' copied to run dir:'C:/Users/lacze/Desktop/AGH-FPGA-S8/AGH-ZYNQ-S8-2021/ADDER_PROJECTS_STANDARD/1_PAWEL/EBAZ4205/TEST_PROJ.sim/sim_1/behav/xsim'
INFO: [SIM-utils-54] Inspecting design source files for 'series_adder_TB' in fileset 'sim_1'...
INFO: [USF-XSim-97] Finding global include files...
INFO: [USF-XSim-98] Fetching design files from 'sim_1'...
INFO: [USF-XSim-2] XSim::Compile design
INFO: [USF-XSim-61] Executing 'COMPILE and ANALYZE' step in 'C:/Users/lacze/Desktop/AGH-FPGA-S8/AGH-ZYNQ-S8-2021/ADDER_PROJECTS_STANDARD/1_PAWEL/EBAZ4205/TEST_PROJ.sim/sim_1/behav/xsim'
"xvlog --incr --relax -L axi_vip_v1_1_4 -L processing_system7_vip_v1_0_6 -L xilinx_vip -prj series_adder_TB_vlog.prj"
INFO: [VRFC 10-2263] Analyzing Verilog file "C:/Users/lacze/Desktop/AGH-FPGA-S8/AGH-ZYNQ-S8-2021/ADDER_PROJECTS_STANDARD/1_PAWEL/EBAZ4205/SOURCE_FILES/series_adder.v" into library xil_defaultlib
INFO: [VRFC 10-311] analyzing module series_adder
WARNING: [VRFC 10-2096] empty statement in sequential block [C:/Users/lacze/Desktop/AGH-FPGA-S8/AGH-ZYNQ-S8-2021/ADDER_PROJECTS_STANDARD/1_PAWEL/EBAZ4205/SOURCE_FILES/series_adder.v:92]
WARNING: [VRFC 10-3380] identifier 'M' is used before its declaration [C:/Users/lacze/Desktop/AGH-FPGA-S8/AGH-ZYNQ-S8-2021/ADDER_PROJECTS_STANDARD/1_PAWEL/EBAZ4205/SOURCE_FILES/series_adder.v:37]
WARNING: [VRFC 10-3380] identifier 'M' is used before its declaration [C:/Users/lacze/Desktop/AGH-FPGA-S8/AGH-ZYNQ-S8-2021/ADDER_PROJECTS_STANDARD/1_PAWEL/EBAZ4205/SOURCE_FILES/series_adder.v:39]
INFO: [USF-XSim-69] 'compile' step finished in '1' seconds
INFO: [USF-XSim-3] XSim::Elaborate design
INFO: [USF-XSim-61] Executing 'ELABORATE' step in 'C:/Users/lacze/Desktop/AGH-FPGA-S8/AGH-ZYNQ-S8-2021/ADDER_PROJECTS_STANDARD/1_PAWEL/EBAZ4205/TEST_PROJ.sim/sim_1/behav/xsim'
Vivado Simulator 2018.3
Copyright 1986-1999, 2001-2018 Xilinx, Inc. All Rights Reserved.
Running: H:/Xilinx/Vivado/2018.3/bin/unwrapped/win64.o/xelab.exe -wto 745340536f2541aa9a392f8ad33a7ca9 --incr --debug typical --relax --mt 2 -L xil_defaultlib -L xilinx_vip -L unisims_ver -L unimacro_ver -L secureip -L xpm --snapshot series_adder_TB_behav xil_defaultlib.series_adder_TB xil_defaultlib.glbl -log elaborate.log 
Using 2 slave threads.
Starting static elaboration
Completed static elaboration
Starting simulation data flow analysis
Completed simulation data flow analysis
Time Resolution for simulation is 1ps
Compiling module xil_defaultlib.series_adder(N=32)
Compiling module xil_defaultlib.series_adder_TB
Compiling module xil_defaultlib.glbl
Built simulation snapshot series_adder_TB_behav
INFO: [USF-XSim-69] 'elaborate' step finished in '1' seconds
INFO: [USF-XSim-4] XSim::Simulate design
INFO: [USF-XSim-61] Executing 'SIMULATE' step in 'C:/Users/lacze/Desktop/AGH-FPGA-S8/AGH-ZYNQ-S8-2021/ADDER_PROJECTS_STANDARD/1_PAWEL/EBAZ4205/TEST_PROJ.sim/sim_1/behav/xsim'
INFO: [USF-XSim-98] *** Running xsim
   with args "series_adder_TB_behav -key {Behavioral:sim_1:Functional:series_adder_TB} -tclbatch {series_adder_TB.tcl} -protoinst "protoinst_files/TEST_BD.protoinst" -log {simulate.log}"
INFO: [USF-XSim-8] Loading simulator feature
Vivado Simulator 2018.3
INFO: [Wavedata 42-565] Reading protoinst file protoinst_files/TEST_BD.protoinst
WARNING: [Wavedata 42-558] Couldn't load one or more protocol instances from protoinst file protoinst_files/TEST_BD.protoinst for the following reason(s):
There are no instances of module "TEST_BD" in the design.

Time resolution is 1 ps
source series_adder_TB.tcl
# set curr_wave [current_wave_config]
# if { [string length $curr_wave] == 0 } {
#   if { [llength [get_objects]] > 0} {
#     add_wave /
#     set_property needs_save false [current_wave_config]
#   } else {
#      send_msg_id Add_Wave-1 WARNING "No top level signals found. Simulator will start without a wave window. If you want to open a wave window go to 'File->New Waveform Configuration' or type 'create_wave_config' in the TCL console."
#   }
# }
# run 1000ns
INFO: [USF-XSim-96] XSim completed. Design snapshot 'series_adder_TB_behav' loaded.
INFO: [USF-XSim-97] XSim simulation ran for 1000ns
launch_simulation: Time (s): cpu = 00:00:05 ; elapsed = 00:00:05 . Memory (MB): peak = 963.289 ; gain = 65.227
close_sim
INFO: [Simtcl 6-16] Simulation closed
reset_run synth_1
launch_runs synth_1 -jobs 16
[Mon May  3 14:16:09 2021] Launched synth_1...
Run output will be captured here: C:/Users/lacze/Desktop/AGH-FPGA-S8/AGH-ZYNQ-S8-2021/ADDER_PROJECTS_STANDARD/1_PAWEL/EBAZ4205/TEST_PROJ.runs/synth_1/runme.log
open_run synth_1 -name synth_1
Design is defaulting to impl run constrset: constrs_1
Design is defaulting to synth run part: xc7z010clg400-1
INFO: [Project 1-479] Netlist was created with Vivado 2018.3
INFO: [Device 21-403] Loading part xc7z010clg400-1
INFO: [Project 1-570] Preparing netlist for logic optimization
INFO: [Opt 31-138] Pushed 0 inverter(s) to 0 load pin(s).
Netlist sorting complete. Time (s): cpu = 00:00:00 ; elapsed = 00:00:00 . Memory (MB): peak = 1150.910 ; gain = 0.000
INFO: [Project 1-111] Unisim Transformation Summary:
No Unisim elements were transformed.

open_run: Time (s): cpu = 00:00:12 ; elapsed = 00:00:07 . Memory (MB): peak = 1325.875 ; gain = 362.586
report_timing_summary -delay_type min_max -report_unconstrained -check_timing_verbose -max_paths 10 -input_pins -routable_nets -name timing_1
INFO: [Timing 38-35] Done setting XDC timing constraints.
INFO: [Timing 38-91] UpdateTimingParams: Speed grade: -1, Delay Type: min_max.
INFO: [Timing 38-191] Multithreading enabled for timing update using a maximum of 2 CPUs
exit
INFO: [Common 17-206] Exiting Vivado at Mon May  3 14:17:19 2021...
