#-----------------------------------------------------------
# Vivado v2018.3 (64-bit)
# SW Build 2405991 on Thu Dec  6 23:38:27 MST 2018
# IP Build 2404404 on Fri Dec  7 01:43:56 MST 2018
# Start of session at: Sun May  2 23:31:15 2021
# Process ID: 9240
# Current directory: C:/Users/lacze/Desktop/AGH-FPGA-S8/AGH-ZYNQ-S8-2021/ADDER_PROJECTS_STANDARD/1_PAWEL/EBAZ4205
# Command line: vivado.exe -gui_launcher_event rodinguilauncherevent12600 C:\Users\lacze\Desktop\AGH-FPGA-S8\AGH-ZYNQ-S8-2021\ADDER_PROJECTS_STANDARD\1_PAWEL\EBAZ4205\TEST_PROJ.xpr
# Log file: C:/Users/lacze/Desktop/AGH-FPGA-S8/AGH-ZYNQ-S8-2021/ADDER_PROJECTS_STANDARD/1_PAWEL/EBAZ4205/vivado.log
# Journal file: C:/Users/lacze/Desktop/AGH-FPGA-S8/AGH-ZYNQ-S8-2021/ADDER_PROJECTS_STANDARD/1_PAWEL/EBAZ4205\vivado.jou
#-----------------------------------------------------------
start_gui
open_project C:/Users/lacze/Desktop/AGH-FPGA-S8/AGH-ZYNQ-S8-2021/ADDER_PROJECTS_STANDARD/1_PAWEL/EBAZ4205/TEST_PROJ.xpr
INFO: [ProjectBase 1-489] The host OS only allows 260 characters in a normal path. The project is stored in a path with more than 80 characters. If you experience issues with IP, Block Designs, or files not being found, please consider moving the project to a location with a shorter path. Alternately consider using the OS subst command to map part of the path to a drive letter.
Current project path is 'C:/Users/lacze/Desktop/AGH-FPGA-S8/AGH-ZYNQ-S8-2021/ADDER_PROJECTS_STANDARD/1_PAWEL/EBAZ4205'
INFO: [Project 1-313] Project file moved from 'C:/Users/lacze/Desktop/AGH-FPGA-S8/AGH-ZYNQ-S8-2021/ADDER_PROJECTS_STANDARD/1 - PAWEL/EBAZ4205' since last save.
Scanning sources...
Finished scanning sources
INFO: [IP_Flow 19-234] Refreshing IP repositories
INFO: [IP_Flow 19-1700] Loaded user IP repository 'c:/Users/lacze/Desktop/AGH-FPGA-S8/ip_repo/cordic_ip_1.0'.
INFO: [IP_Flow 19-2313] Loaded Vivado IP repository 'H:/Xilinx/Vivado/2018.3/data/ip'.
update_compile_order -fileset sources_1
open_run impl_1
INFO: [Project 1-479] Netlist was created with Vivado 2018.3
INFO: [Device 21-403] Loading part xc7z010clg400-1
INFO: [Project 1-570] Preparing netlist for logic optimization
Reading XDEF placement.
Reading placer database...
Reading XDEF routing.
Read XDEF File: Time (s): cpu = 00:00:00 ; elapsed = 00:00:00.040 . Memory (MB): peak = 1154.145 ; gain = 0.398
Restored from archive | CPU: 0.000000 secs | Memory: 0.000000 MB |
Finished XDEF File Restore: Time (s): cpu = 00:00:00 ; elapsed = 00:00:00.040 . Memory (MB): peak = 1154.145 ; gain = 0.398
Netlist sorting complete. Time (s): cpu = 00:00:00 ; elapsed = 00:00:00 . Memory (MB): peak = 1154.191 ; gain = 0.000
INFO: [Project 1-111] Unisim Transformation Summary:
No Unisim elements were transformed.

open_run: Time (s): cpu = 00:00:10 ; elapsed = 00:00:06 . Memory (MB): peak = 1297.922 ; gain = 384.891
WARNING: [Timing 38-313] There are no user specified timing constraints. Timing constraints are needed for proper timing analysis.
report_timing_summary -delay_type min_max -report_unconstrained -check_timing_verbose -max_paths 10 -input_pins -routable_nets -name timing_1
INFO: [Timing 38-35] Done setting XDC timing constraints.
INFO: [Timing 38-91] UpdateTimingParams: Speed grade: -1, Delay Type: min_max.
INFO: [Timing 38-191] Multithreading enabled for timing update using a maximum of 2 CPUs
launch_simulation
INFO: [Vivado 12-5698] Checking validity of IPs in the design for the 'XSim' simulator...
INFO: [Vivado 12-5682] Launching behavioral simulation in 'C:/Users/lacze/Desktop/AGH-FPGA-S8/AGH-ZYNQ-S8-2021/ADDER_PROJECTS_STANDARD/1_PAWEL/EBAZ4205/TEST_PROJ.sim/sim_1/behav/xsim'
INFO: [Vivado 12-4795] Using compiled simulation libraries for IPs
INFO: [SIM-utils-51] Simulation object is 'sim_1'
INFO: [USF-XSim-7] Finding pre-compiled libraries...
INFO: [USF-XSim-11] File 'H:/Xilinx/Vivado/2018.3/data/xsim/xsim.ini' copied to run dir:'C:/Users/lacze/Desktop/AGH-FPGA-S8/AGH-ZYNQ-S8-2021/ADDER_PROJECTS_STANDARD/1_PAWEL/EBAZ4205/TEST_PROJ.sim/sim_1/behav/xsim'
INFO: [SIM-utils-54] Inspecting design source files for 'series_adder_TB' in fileset 'sim_1'...
INFO: [USF-XSim-97] Finding global include files...
INFO: [USF-XSim-98] Fetching design files from 'sim_1'...
INFO: [USF-XSim-2] XSim::Compile design
INFO: [USF-XSim-61] Executing 'COMPILE and ANALYZE' step in 'C:/Users/lacze/Desktop/AGH-FPGA-S8/AGH-ZYNQ-S8-2021/ADDER_PROJECTS_STANDARD/1_PAWEL/EBAZ4205/TEST_PROJ.sim/sim_1/behav/xsim'
"xvlog --incr --relax -L axi_vip_v1_1_4 -L processing_system7_vip_v1_0_6 -L xilinx_vip -prj series_adder_TB_vlog.prj"
INFO: [VRFC 10-2263] Analyzing Verilog file "C:/Users/lacze/Desktop/AGH-FPGA-S8/AGH-ZYNQ-S8-2021/ADDER_PROJECTS_STANDARD/1_PAWEL/EBAZ4205/SOURCE_FILES/series_adder.v" into library xil_defaultlib
INFO: [VRFC 10-311] analyzing module series_adder
WARNING: [VRFC 10-2096] empty statement in sequential block [C:/Users/lacze/Desktop/AGH-FPGA-S8/AGH-ZYNQ-S8-2021/ADDER_PROJECTS_STANDARD/1_PAWEL/EBAZ4205/SOURCE_FILES/series_adder.v:86]
WARNING: [VRFC 10-3380] identifier 'M' is used before its declaration [C:/Users/lacze/Desktop/AGH-FPGA-S8/AGH-ZYNQ-S8-2021/ADDER_PROJECTS_STANDARD/1_PAWEL/EBAZ4205/SOURCE_FILES/series_adder.v:32]
WARNING: [VRFC 10-3380] identifier 'M' is used before its declaration [C:/Users/lacze/Desktop/AGH-FPGA-S8/AGH-ZYNQ-S8-2021/ADDER_PROJECTS_STANDARD/1_PAWEL/EBAZ4205/SOURCE_FILES/series_adder.v:34]
INFO: [VRFC 10-2263] Analyzing SystemVerilog file "C:/Users/lacze/Desktop/AGH-FPGA-S8/AGH-ZYNQ-S8-2021/ADDER_PROJECTS_STANDARD/1_PAWEL/EBAZ4205/SOURCE_FILES/series_adder_TB.sv" into library xil_defaultlib
INFO: [VRFC 10-311] analyzing module series_adder_TB
INFO: [VRFC 10-2263] Analyzing Verilog file "C:/Users/lacze/Desktop/AGH-FPGA-S8/AGH-ZYNQ-S8-2021/ADDER_PROJECTS_STANDARD/1_PAWEL/EBAZ4205/TEST_PROJ.sim/sim_1/behav/xsim/glbl.v" into library xil_defaultlib
INFO: [VRFC 10-311] analyzing module glbl
INFO: [USF-XSim-69] 'compile' step finished in '1' seconds
INFO: [USF-XSim-3] XSim::Elaborate design
INFO: [USF-XSim-61] Executing 'ELABORATE' step in 'C:/Users/lacze/Desktop/AGH-FPGA-S8/AGH-ZYNQ-S8-2021/ADDER_PROJECTS_STANDARD/1_PAWEL/EBAZ4205/TEST_PROJ.sim/sim_1/behav/xsim'
Vivado Simulator 2018.3
Copyright 1986-1999, 2001-2018 Xilinx, Inc. All Rights Reserved.
Running: H:/Xilinx/Vivado/2018.3/bin/unwrapped/win64.o/xelab.exe -wto 745340536f2541aa9a392f8ad33a7ca9 --incr --debug typical --relax --mt 2 -L xil_defaultlib -L xilinx_vip -L unisims_ver -L unimacro_ver -L secureip -L xpm --snapshot series_adder_TB_behav xil_defaultlib.series_adder_TB xil_defaultlib.glbl -log elaborate.log 
Using 2 slave threads.
Starting static elaboration
Completed static elaboration
Starting simulation data flow analysis
Completed simulation data flow analysis
Time Resolution for simulation is 1ps
Compiling module xil_defaultlib.series_adder(N=32)
Compiling module xil_defaultlib.series_adder_TB
Compiling module xil_defaultlib.glbl
Built simulation snapshot series_adder_TB_behav
INFO: [USF-XSim-69] 'elaborate' step finished in '1' seconds
INFO: [USF-XSim-4] XSim::Simulate design
INFO: [USF-XSim-61] Executing 'SIMULATE' step in 'C:/Users/lacze/Desktop/AGH-FPGA-S8/AGH-ZYNQ-S8-2021/ADDER_PROJECTS_STANDARD/1_PAWEL/EBAZ4205/TEST_PROJ.sim/sim_1/behav/xsim'
INFO: [USF-XSim-98] *** Running xsim
   with args "series_adder_TB_behav -key {Behavioral:sim_1:Functional:series_adder_TB} -tclbatch {series_adder_TB.tcl} -protoinst "protoinst_files/TEST_BD.protoinst" -log {simulate.log}"
INFO: [USF-XSim-8] Loading simulator feature
Vivado Simulator 2018.3
INFO: [Wavedata 42-565] Reading protoinst file protoinst_files/TEST_BD.protoinst
WARNING: [Wavedata 42-558] Couldn't load one or more protocol instances from protoinst file protoinst_files/TEST_BD.protoinst for the following reason(s):
There are no instances of module "TEST_BD" in the design.

Time resolution is 1 ps
source series_adder_TB.tcl
# set curr_wave [current_wave_config]
# if { [string length $curr_wave] == 0 } {
#   if { [llength [get_objects]] > 0} {
#     add_wave /
#     set_property needs_save false [current_wave_config]
#   } else {
#      send_msg_id Add_Wave-1 WARNING "No top level signals found. Simulator will start without a wave window. If you want to open a wave window go to 'File->New Waveform Configuration' or type 'create_wave_config' in the TCL console."
#   }
# }
# run 1000ns
INFO: [USF-XSim-96] XSim completed. Design snapshot 'series_adder_TB_behav' loaded.
INFO: [USF-XSim-97] XSim simulation ran for 1000ns
reset_simulation -simset sim_1 -mode post-synthesis -type timing
reset_run synth_1
WARNING: [Vivado 12-1017] Problems encountered:
1. Failed to delete one or more files in run directory C:/Users/lacze/Desktop/AGH-FPGA-S8/AGH-ZYNQ-S8-2021/ADDER_PROJECTS_STANDARD/1_PAWEL/EBAZ4205/TEST_PROJ.runs/synth_1

launch_runs synth_1 -jobs 16
[Sun May  2 23:34:27 2021] Launched synth_1...
Run output will be captured here: C:/Users/lacze/Desktop/AGH-FPGA-S8/AGH-ZYNQ-S8-2021/ADDER_PROJECTS_STANDARD/1_PAWEL/EBAZ4205/TEST_PROJ.runs/synth_1/runme.log
close_sim
INFO: [Simtcl 6-16] Simulation closed
launch_simulation -mode post-synthesis -type timing
INFO: [Vivado 12-5698] Checking validity of IPs in the design for the 'XSim' simulator...
INFO: [Vivado 12-5682] Launching post-synthesis timing simulation in 'C:/Users/lacze/Desktop/AGH-FPGA-S8/AGH-ZYNQ-S8-2021/ADDER_PROJECTS_STANDARD/1_PAWEL/EBAZ4205/TEST_PROJ.sim/sim_1/synth/timing/xsim'
INFO: [Vivado 12-4795] Using compiled simulation libraries for IPs
INFO: [SIM-utils-51] Simulation object is 'sim_1'
Design is defaulting to impl run constrset: constrs_1
Design is defaulting to synth run part: xc7z010clg400-1
INFO: [Project 1-479] Netlist was created with Vivado 2018.3
INFO: [Project 1-570] Preparing netlist for logic optimization
INFO: [Opt 31-138] Pushed 0 inverter(s) to 0 load pin(s).
Netlist sorting complete. Time (s): cpu = 00:00:00 ; elapsed = 00:00:00 . Memory (MB): peak = 1909.062 ; gain = 0.000
INFO: [Project 1-111] Unisim Transformation Summary:
No Unisim elements were transformed.

INFO: [SIM-utils-24] Writing simulation netlist file for design 'synth_1'...
INFO: [SIM-utils-25] write_verilog -mode timesim -nolib -sdf_anno true -force -file "C:/Users/lacze/Desktop/AGH-FPGA-S8/AGH-ZYNQ-S8-2021/ADDER_PROJECTS_STANDARD/1_PAWEL/EBAZ4205/TEST_PROJ.sim/sim_1/synth/timing/xsim/series_adder_TB_time_synth.v"
INFO: [SIM-utils-27] Writing SDF file...
INFO: [SIM-utils-28] write_sdf -mode timesim -process_corner slow -force -file "C:/Users/lacze/Desktop/AGH-FPGA-S8/AGH-ZYNQ-S8-2021/ADDER_PROJECTS_STANDARD/1_PAWEL/EBAZ4205/TEST_PROJ.sim/sim_1/synth/timing/xsim/series_adder_TB_time_synth.sdf"
INFO: [SIM-utils-36] Netlist generated:C:/Users/lacze/Desktop/AGH-FPGA-S8/AGH-ZYNQ-S8-2021/ADDER_PROJECTS_STANDARD/1_PAWEL/EBAZ4205/TEST_PROJ.sim/sim_1/synth/timing/xsim/series_adder_TB_time_synth.v
INFO: [SIM-utils-37] SDF generated:C:/Users/lacze/Desktop/AGH-FPGA-S8/AGH-ZYNQ-S8-2021/ADDER_PROJECTS_STANDARD/1_PAWEL/EBAZ4205/TEST_PROJ.sim/sim_1/synth/timing/xsim/series_adder_TB_time_synth.sdf
INFO: [USF-XSim-7] Finding pre-compiled libraries...
INFO: [USF-XSim-11] File 'H:/Xilinx/Vivado/2018.3/data/xsim/xsim.ini' copied to run dir:'C:/Users/lacze/Desktop/AGH-FPGA-S8/AGH-ZYNQ-S8-2021/ADDER_PROJECTS_STANDARD/1_PAWEL/EBAZ4205/TEST_PROJ.sim/sim_1/synth/timing/xsim'
INFO: [SIM-utils-54] Inspecting design source files for 'series_adder_TB' in fileset 'sim_1'...
INFO: [USF-XSim-2] XSim::Compile design
INFO: [USF-XSim-61] Executing 'COMPILE and ANALYZE' step in 'C:/Users/lacze/Desktop/AGH-FPGA-S8/AGH-ZYNQ-S8-2021/ADDER_PROJECTS_STANDARD/1_PAWEL/EBAZ4205/TEST_PROJ.sim/sim_1/synth/timing/xsim'
"xvlog --incr --relax -L axi_vip_v1_1_4 -L processing_system7_vip_v1_0_6 -L xilinx_vip -prj series_adder_TB_vlog.prj"
INFO: [VRFC 10-2263] Analyzing Verilog file "C:/Users/lacze/Desktop/AGH-FPGA-S8/AGH-ZYNQ-S8-2021/ADDER_PROJECTS_STANDARD/1_PAWEL/EBAZ4205/TEST_PROJ.sim/sim_1/synth/timing/xsim/series_adder_TB_time_synth.v" into library xil_defaultlib
INFO: [VRFC 10-311] analyzing module series_adder
INFO: [VRFC 10-311] analyzing module glbl
INFO: [VRFC 10-2263] Analyzing SystemVerilog file "C:/Users/lacze/Desktop/AGH-FPGA-S8/AGH-ZYNQ-S8-2021/ADDER_PROJECTS_STANDARD/1_PAWEL/EBAZ4205/SOURCE_FILES/series_adder_TB.sv" into library xil_defaultlib
INFO: [VRFC 10-311] analyzing module series_adder_TB
INFO: [USF-XSim-69] 'compile' step finished in '1' seconds
INFO: [USF-XSim-3] XSim::Elaborate design
INFO: [USF-XSim-61] Executing 'ELABORATE' step in 'C:/Users/lacze/Desktop/AGH-FPGA-S8/AGH-ZYNQ-S8-2021/ADDER_PROJECTS_STANDARD/1_PAWEL/EBAZ4205/TEST_PROJ.sim/sim_1/synth/timing/xsim'
Vivado Simulator 2018.3
Copyright 1986-1999, 2001-2018 Xilinx, Inc. All Rights Reserved.
Running: H:/Xilinx/Vivado/2018.3/bin/unwrapped/win64.o/xelab.exe -wto 745340536f2541aa9a392f8ad33a7ca9 --incr --debug typical --relax --mt 2 --maxdelay -L xil_defaultlib -L xilinx_vip -L simprims_ver -L secureip --snapshot series_adder_TB_time_synth -transport_int_delays -pulse_r 0 -pulse_int_r 0 -pulse_e 0 -pulse_int_e 0 xil_defaultlib.series_adder_TB xil_defaultlib.glbl -log elaborate.log 
Using 2 slave threads.
Starting static elaboration
WARNING: [VRFC 10-3091] actual bit length 35 differs from formal bit length 11 for port 'result' [C:/Users/lacze/Desktop/AGH-FPGA-S8/AGH-ZYNQ-S8-2021/ADDER_PROJECTS_STANDARD/1_PAWEL/EBAZ4205/SOURCE_FILES/series_adder_TB.sv:80]
Completed static elaboration
Starting simulation data flow analysis
Completed simulation data flow analysis
INFO: [XSIM 43-3451] SDF backannotation process started with SDF file "series_adder_TB_time_synth.sdf", for root module "series_adder_TB/dut_series_adder".
INFO: [XSIM 43-3452] SDF backannotation was successful for SDF file "series_adder_TB_time_synth.sdf", for root module "series_adder_TB/dut_series_adder".
Time Resolution for simulation is 1ps
Compiling module simprims_ver.BUFG
Compiling module simprims_ver.IBUF
Compiling module simprims_ver.x_lut1_mux2
Compiling module simprims_ver.LUT1
Compiling module simprims_ver.x_lut2_mux4
Compiling module simprims_ver.LUT2
Compiling module simprims_ver.x_lut3_mux8
Compiling module simprims_ver.LUT3
Compiling module simprims_ver.LUT5
Compiling module simprims_ver.LUT4
Compiling module simprims_ver.FDRE_default
Compiling module simprims_ver.LUT6
Compiling module simprims_ver.OBUF
Compiling module xil_defaultlib.series_adder
Compiling module xil_defaultlib.series_adder_TB
Compiling module xil_defaultlib.glbl
Built simulation snapshot series_adder_TB_time_synth

****** Webtalk v2018.3 (64-bit)
  **** SW Build 2405991 on Thu Dec  6 23:38:27 MST 2018
  **** IP Build 2404404 on Fri Dec  7 01:43:56 MST 2018
    ** Copyright 1986-2018 Xilinx, Inc. All Rights Reserved.

source C:/Users/lacze/Desktop/AGH-FPGA-S8/AGH-ZYNQ-S8-2021/ADDER_PROJECTS_STANDARD/1_PAWEL/EBAZ4205/TEST_PROJ.sim/sim_1/synth/timing/xsim/xsim.dir/series_adder_TB_time_synth/webtalk/xsim_webtalk.tcl -notrace
INFO: [Common 17-206] Exiting Webtalk at Sun May  2 23:35:03 2021...
INFO: [USF-XSim-69] 'elaborate' step finished in '3' seconds
INFO: [USF-XSim-4] XSim::Simulate design
INFO: [USF-XSim-61] Executing 'SIMULATE' step in 'C:/Users/lacze/Desktop/AGH-FPGA-S8/AGH-ZYNQ-S8-2021/ADDER_PROJECTS_STANDARD/1_PAWEL/EBAZ4205/TEST_PROJ.sim/sim_1/synth/timing/xsim'
INFO: [USF-XSim-98] *** Running xsim
   with args "series_adder_TB_time_synth -key {Post-Synthesis:sim_1:Timing:series_adder_TB} -tclbatch {series_adder_TB.tcl} -protoinst "protoinst_files/TEST_BD.protoinst" -log {simulate.log}"
INFO: [USF-XSim-8] Loading simulator feature
Vivado Simulator 2018.3
INFO: [Wavedata 42-565] Reading protoinst file protoinst_files/TEST_BD.protoinst
WARNING: [Wavedata 42-558] Couldn't load one or more protocol instances from protoinst file protoinst_files/TEST_BD.protoinst for the following reason(s):
There are no instances of module "TEST_BD" in the design.

Time resolution is 1 ps
source series_adder_TB.tcl
# set curr_wave [current_wave_config]
# if { [string length $curr_wave] == 0 } {
#   if { [llength [get_objects]] > 0} {
#     add_wave /
#     set_property needs_save false [current_wave_config]
#   } else {
#      send_msg_id Add_Wave-1 WARNING "No top level signals found. Simulator will start without a wave window. If you want to open a wave window go to 'File->New Waveform Configuration' or type 'create_wave_config' in the TCL console."
#   }
# }
# run 1000ns
INFO: [USF-XSim-96] XSim completed. Design snapshot 'series_adder_TB_time_synth' loaded.
INFO: [USF-XSim-97] XSim simulation ran for 1000ns
launch_simulation: Time (s): cpu = 00:00:06 ; elapsed = 00:00:08 . Memory (MB): peak = 2020.375 ; gain = 120.656
close_sim
INFO: [Simtcl 6-16] Simulation closed
exit
INFO: [Common 17-206] Exiting Vivado at Sun May  2 23:36:31 2021...
