#-----------------------------------------------------------
# Vivado v2018.3 (64-bit)
# SW Build 2405991 on Thu Dec  6 23:38:27 MST 2018
# IP Build 2404404 on Fri Dec  7 01:43:56 MST 2018
# Start of session at: Sun May  2 22:50:29 2021
# Process ID: 15288
# Current directory: C:/Users/lacze/Desktop/AGH-FPGA-S8/AGH-ZYNQ-S8-2021/ADDER_PROJECTS_STANDARD/2 - ANDY/EBAZ4205
# Command line: vivado.exe -gui_launcher_event rodinguilauncherevent11808 C:\Users\lacze\Desktop\AGH-FPGA-S8\AGH-ZYNQ-S8-2021\ADDER_PROJECTS_STANDARD\2 - ANDY\EBAZ4205\TEST_PROJ.xpr
# Log file: C:/Users/lacze/Desktop/AGH-FPGA-S8/AGH-ZYNQ-S8-2021/ADDER_PROJECTS_STANDARD/2 - ANDY/EBAZ4205/vivado.log
# Journal file: C:/Users/lacze/Desktop/AGH-FPGA-S8/AGH-ZYNQ-S8-2021/ADDER_PROJECTS_STANDARD/2 - ANDY/EBAZ4205\vivado.jou
#-----------------------------------------------------------
start_gui
open_project {C:/Users/lacze/Desktop/AGH-FPGA-S8/AGH-ZYNQ-S8-2021/ADDER_PROJECTS_STANDARD/2 - ANDY/EBAZ4205/TEST_PROJ.xpr}
INFO: [ProjectBase 1-489] The host OS only allows 260 characters in a normal path. The project is stored in a path with more than 80 characters. If you experience issues with IP, Block Designs, or files not being found, please consider moving the project to a location with a shorter path. Alternately consider using the OS subst command to map part of the path to a drive letter.
Current project path is 'C:/Users/lacze/Desktop/AGH-FPGA-S8/AGH-ZYNQ-S8-2021/ADDER_PROJECTS_STANDARD/2 - ANDY/EBAZ4205'
INFO: [Project 1-313] Project file moved from 'C:/Users/lacze/Desktop/AGH-FPGA-S8/EBAZ4205' since last save.
Scanning sources...
Finished scanning sources
INFO: [filemgmt 56-1] IP Repository Path: Directory not found as 'C:/Users/lacze/Desktop/AGH-FPGA-S8/AGH-ZYNQ-S8-2021/ADDER_PROJECTS_STANDARD/2 - ANDY/ip_repo/cordic_ip_1.0'; using path 'C:/Users/lacze/Desktop/AGH-FPGA-S8/ip_repo/cordic_ip_1.0' instead.
INFO: [IP_Flow 19-234] Refreshing IP repositories
INFO: [IP_Flow 19-1700] Loaded user IP repository 'c:/Users/lacze/Desktop/AGH-FPGA-S8/ip_repo/cordic_ip_1.0'.
INFO: [IP_Flow 19-2313] Loaded Vivado IP repository 'H:/Xilinx/Vivado/2018.3/data/ip'.
update_compile_order -fileset sources_1
close [ open {C:/Users/lacze/Desktop/AGH-FPGA-S8/AGH-ZYNQ-S8-2021/ADDER_PROJECTS_STANDARD/2 - ANDY/EBAZ4205/SOURCE_FILES/carry_lookahead_adder.v} w ]
add_files {{C:/Users/lacze/Desktop/AGH-FPGA-S8/AGH-ZYNQ-S8-2021/ADDER_PROJECTS_STANDARD/2 - ANDY/EBAZ4205/SOURCE_FILES/carry_lookahead_adder.v}}
update_compile_order -fileset sources_1
set_property SOURCE_SET sources_1 [get_filesets sim_1]
close [ open {C:/Users/lacze/Desktop/AGH-FPGA-S8/AGH-ZYNQ-S8-2021/ADDER_PROJECTS_STANDARD/2 - ANDY/EBAZ4205/SOURCE_FILES/carry_lookahead_adder_TB.v} w ]
add_files -fileset sim_1 {{C:/Users/lacze/Desktop/AGH-FPGA-S8/AGH-ZYNQ-S8-2021/ADDER_PROJECTS_STANDARD/2 - ANDY/EBAZ4205/SOURCE_FILES/carry_lookahead_adder_TB.v}}
update_compile_order -fileset sim_1
set_property top carry_lookahead_adder_tb [get_filesets sim_1]
set_property top_lib xil_defaultlib [get_filesets sim_1]
set_property top carry_lookahead_adder [current_fileset]
update_compile_order -fileset sim_1
update_compile_order -fileset sources_1
close [ open {C:/Users/lacze/Desktop/AGH-FPGA-S8/AGH-ZYNQ-S8-2021/ADDER_PROJECTS_STANDARD/2 - ANDY/EBAZ4205/SOURCE_FILES/full_adder.v} w ]
add_files {{C:/Users/lacze/Desktop/AGH-FPGA-S8/AGH-ZYNQ-S8-2021/ADDER_PROJECTS_STANDARD/2 - ANDY/EBAZ4205/SOURCE_FILES/full_adder.v}}
update_compile_order -fileset sources_1
launch_simulation
INFO: [Vivado 12-5698] Checking validity of IPs in the design for the 'XSim' simulator...
INFO: [Vivado 12-5682] Launching behavioral simulation in 'C:/Users/lacze/Desktop/AGH-FPGA-S8/AGH-ZYNQ-S8-2021/ADDER_PROJECTS_STANDARD/2 - ANDY/EBAZ4205/TEST_PROJ.sim/sim_1/behav/xsim'
INFO: [Vivado 12-4795] Using compiled simulation libraries for IPs
INFO: [SIM-utils-51] Simulation object is 'sim_1'
INFO: [USF-XSim-7] Finding pre-compiled libraries...
INFO: [USF-XSim-11] File 'H:/Xilinx/Vivado/2018.3/data/xsim/xsim.ini' copied to run dir:'C:/Users/lacze/Desktop/AGH-FPGA-S8/AGH-ZYNQ-S8-2021/ADDER_PROJECTS_STANDARD/2 - ANDY/EBAZ4205/TEST_PROJ.sim/sim_1/behav/xsim'
INFO: [SIM-utils-54] Inspecting design source files for 'carry_lookahead_adder_tb' in fileset 'sim_1'...
INFO: [USF-XSim-97] Finding global include files...
INFO: [USF-XSim-98] Fetching design files from 'sim_1'...
INFO: [USF-XSim-2] XSim::Compile design
INFO: [USF-XSim-61] Executing 'COMPILE and ANALYZE' step in 'C:/Users/lacze/Desktop/AGH-FPGA-S8/AGH-ZYNQ-S8-2021/ADDER_PROJECTS_STANDARD/2 - ANDY/EBAZ4205/TEST_PROJ.sim/sim_1/behav/xsim'
"xvlog --incr --relax -L axi_vip_v1_1_4 -L processing_system7_vip_v1_0_6 -L xilinx_vip -prj carry_lookahead_adder_tb_vlog.prj"
INFO: [VRFC 10-2263] Analyzing Verilog file "C:/Users/lacze/Desktop/AGH-FPGA-S8/AGH-ZYNQ-S8-2021/ADDER_PROJECTS_STANDARD/2 - ANDY/EBAZ4205/SOURCE_FILES/carry_lookahead_adder.v" into library xil_defaultlib
INFO: [VRFC 10-311] analyzing module full_adder
INFO: [VRFC 10-311] analyzing module carry_lookahead_adder
INFO: [VRFC 10-2263] Analyzing Verilog file "C:/Users/lacze/Desktop/AGH-FPGA-S8/AGH-ZYNQ-S8-2021/ADDER_PROJECTS_STANDARD/2 - ANDY/EBAZ4205/SOURCE_FILES/full_adder.v" into library xil_defaultlib
INFO: [VRFC 10-311] analyzing module full_adder
WARNING: [VRFC 10-3609] overwriting previous definition of module 'full_adder' [C:/Users/lacze/Desktop/AGH-FPGA-S8/AGH-ZYNQ-S8-2021/ADDER_PROJECTS_STANDARD/2 - ANDY/EBAZ4205/SOURCE_FILES/full_adder.v:3]
INFO: [VRFC 10-2263] Analyzing Verilog file "C:/Users/lacze/Desktop/AGH-FPGA-S8/AGH-ZYNQ-S8-2021/ADDER_PROJECTS_STANDARD/2 - ANDY/EBAZ4205/SOURCE_FILES/carry_lookahead_adder_TB.v" into library xil_defaultlib
INFO: [VRFC 10-311] analyzing module full_adder
INFO: [VRFC 10-311] analyzing module carry_lookahead_adder
WARNING: [VRFC 10-3609] overwriting previous definition of module 'carry_lookahead_adder' [C:/Users/lacze/Desktop/AGH-FPGA-S8/AGH-ZYNQ-S8-2021/ADDER_PROJECTS_STANDARD/2 - ANDY/EBAZ4205/SOURCE_FILES/carry_lookahead_adder.v:8]
INFO: [VRFC 10-311] analyzing module carry_lookahead_adder_tb
INFO: [VRFC 10-2263] Analyzing Verilog file "C:/Users/lacze/Desktop/AGH-FPGA-S8/AGH-ZYNQ-S8-2021/ADDER_PROJECTS_STANDARD/2 - ANDY/EBAZ4205/TEST_PROJ.sim/sim_1/behav/xsim/glbl.v" into library xil_defaultlib
INFO: [VRFC 10-311] analyzing module glbl
INFO: [USF-XSim-69] 'compile' step finished in '1' seconds
INFO: [USF-XSim-3] XSim::Elaborate design
INFO: [USF-XSim-61] Executing 'ELABORATE' step in 'C:/Users/lacze/Desktop/AGH-FPGA-S8/AGH-ZYNQ-S8-2021/ADDER_PROJECTS_STANDARD/2 - ANDY/EBAZ4205/TEST_PROJ.sim/sim_1/behav/xsim'
Vivado Simulator 2018.3
Copyright 1986-1999, 2001-2018 Xilinx, Inc. All Rights Reserved.
Running: H:/Xilinx/Vivado/2018.3/bin/unwrapped/win64.o/xelab.exe -wto 745340536f2541aa9a392f8ad33a7ca9 --incr --debug typical --relax --mt 2 -L xil_defaultlib -L xilinx_vip -L unisims_ver -L unimacro_ver -L secureip -L xpm --snapshot carry_lookahead_adder_tb_behav xil_defaultlib.carry_lookahead_adder_tb xil_defaultlib.glbl -log elaborate.log 
Using 2 slave threads.
Starting static elaboration
Completed static elaboration
Starting simulation data flow analysis
Completed simulation data flow analysis
Time Resolution for simulation is 1ps
Compiling module xil_defaultlib.full_adder
Compiling module xil_defaultlib.carry_lookahead_adder_default
Compiling module xil_defaultlib.carry_lookahead_adder_tb
Compiling module xil_defaultlib.glbl
Built simulation snapshot carry_lookahead_adder_tb_behav
ERROR: [Common 17-165] Too many positional options when parsing '-notrace', please type 'webtalk -help' for usage info.

INFO: [USF-XSim-69] 'elaborate' step finished in '1' seconds
INFO: [USF-XSim-4] XSim::Simulate design
INFO: [USF-XSim-61] Executing 'SIMULATE' step in 'C:/Users/lacze/Desktop/AGH-FPGA-S8/AGH-ZYNQ-S8-2021/ADDER_PROJECTS_STANDARD/2 - ANDY/EBAZ4205/TEST_PROJ.sim/sim_1/behav/xsim'
INFO: [USF-XSim-98] *** Running xsim
   with args "carry_lookahead_adder_tb_behav -key {Behavioral:sim_1:Functional:carry_lookahead_adder_tb} -tclbatch {carry_lookahead_adder_tb.tcl} -protoinst "protoinst_files/TEST_BD.protoinst" -log {simulate.log}"
INFO: [USF-XSim-8] Loading simulator feature
Vivado Simulator 2018.3
INFO: [Wavedata 42-565] Reading protoinst file protoinst_files/TEST_BD.protoinst
WARNING: [Wavedata 42-558] Couldn't load one or more protocol instances from protoinst file protoinst_files/TEST_BD.protoinst for the following reason(s):
There are no instances of module "TEST_BD" in the design.

Time resolution is 1 ps
source carry_lookahead_adder_tb.tcl
# set curr_wave [current_wave_config]
# if { [string length $curr_wave] == 0 } {
#   if { [llength [get_objects]] > 0} {
#     add_wave /
#     set_property needs_save false [current_wave_config]
#   } else {
#      send_msg_id Add_Wave-1 WARNING "No top level signals found. Simulator will start without a wave window. If you want to open a wave window go to 'File->New Waveform Configuration' or type 'create_wave_config' in the TCL console."
#   }
# }
# run 1000ns
INFO: [USF-XSim-96] XSim completed. Design snapshot 'carry_lookahead_adder_tb_behav' loaded.
INFO: [USF-XSim-97] XSim simulation ran for 1000ns
launch_simulation: Time (s): cpu = 00:00:04 ; elapsed = 00:00:05 . Memory (MB): peak = 950.680 ; gain = 18.441
synth_design -rtl -name rtl_1
Command: synth_design -rtl -name rtl_1
Starting synth_design
Using part: xc7z010clg400-1
Top: carry_lookahead_adder
WARNING: [Synth 8-2490] overwriting previous definition of module full_adder [C:/Users/lacze/Desktop/AGH-FPGA-S8/AGH-ZYNQ-S8-2021/ADDER_PROJECTS_STANDARD/2 - ANDY/EBAZ4205/SOURCE_FILES/full_adder.v:3]
---------------------------------------------------------------------------------
Starting RTL Elaboration : Time (s): cpu = 00:00:01 ; elapsed = 00:00:02 . Memory (MB): peak = 1000.617 ; gain = 46.840
---------------------------------------------------------------------------------
INFO: [Synth 8-6157] synthesizing module 'carry_lookahead_adder' [C:/Users/lacze/Desktop/AGH-FPGA-S8/AGH-ZYNQ-S8-2021/ADDER_PROJECTS_STANDARD/2 - ANDY/EBAZ4205/SOURCE_FILES/carry_lookahead_adder.v:8]
	Parameter WIDTH bound to: 3 - type: integer 
INFO: [Synth 8-6157] synthesizing module 'full_adder' [C:/Users/lacze/Desktop/AGH-FPGA-S8/AGH-ZYNQ-S8-2021/ADDER_PROJECTS_STANDARD/2 - ANDY/EBAZ4205/SOURCE_FILES/full_adder.v:3]
INFO: [Synth 8-6155] done synthesizing module 'full_adder' (1#1) [C:/Users/lacze/Desktop/AGH-FPGA-S8/AGH-ZYNQ-S8-2021/ADDER_PROJECTS_STANDARD/2 - ANDY/EBAZ4205/SOURCE_FILES/full_adder.v:3]
INFO: [Synth 8-6155] done synthesizing module 'carry_lookahead_adder' (2#1) [C:/Users/lacze/Desktop/AGH-FPGA-S8/AGH-ZYNQ-S8-2021/ADDER_PROJECTS_STANDARD/2 - ANDY/EBAZ4205/SOURCE_FILES/carry_lookahead_adder.v:8]
---------------------------------------------------------------------------------
Finished RTL Elaboration : Time (s): cpu = 00:00:02 ; elapsed = 00:00:02 . Memory (MB): peak = 1049.418 ; gain = 95.641
---------------------------------------------------------------------------------

Report Check Netlist: 
+------+------------------+-------+---------+-------+------------------+
|      |Item              |Errors |Warnings |Status |Description       |
+------+------------------+-------+---------+-------+------------------+
|1     |multi_driven_nets |      0|        0|Passed |Multi driven nets |
+------+------------------+-------+---------+-------+------------------+
---------------------------------------------------------------------------------
Start Handling Custom Attributes
---------------------------------------------------------------------------------
---------------------------------------------------------------------------------
Finished Handling Custom Attributes : Time (s): cpu = 00:00:02 ; elapsed = 00:00:02 . Memory (MB): peak = 1049.418 ; gain = 95.641
---------------------------------------------------------------------------------
---------------------------------------------------------------------------------
Finished RTL Optimization Phase 1 : Time (s): cpu = 00:00:02 ; elapsed = 00:00:02 . Memory (MB): peak = 1049.418 ; gain = 95.641
---------------------------------------------------------------------------------
INFO: [Device 21-403] Loading part xc7z010clg400-1
INFO: [Project 1-570] Preparing netlist for logic optimization

Processing XDC Constraints
Initializing timing engine
Completed Processing XDC Constraints

INFO: [Opt 31-138] Pushed 0 inverter(s) to 0 load pin(s).
Netlist sorting complete. Time (s): cpu = 00:00:00 ; elapsed = 00:00:00 . Memory (MB): peak = 1357.969 ; gain = 0.000
INFO: [Project 1-111] Unisim Transformation Summary:
No Unisim elements were transformed.

RTL Elaboration Complete:  : Time (s): cpu = 00:00:13 ; elapsed = 00:00:09 . Memory (MB): peak = 1467.879 ; gain = 514.102
8 Infos, 1 Warnings, 0 Critical Warnings and 0 Errors encountered.
synth_design completed successfully
synth_design: Time (s): cpu = 00:00:13 ; elapsed = 00:00:09 . Memory (MB): peak = 1467.879 ; gain = 514.102
close_design
close_sim
INFO: [Simtcl 6-16] Simulation closed
launch_simulation
INFO: [Vivado 12-5698] Checking validity of IPs in the design for the 'XSim' simulator...
INFO: [Vivado 12-5682] Launching behavioral simulation in 'C:/Users/lacze/Desktop/AGH-FPGA-S8/AGH-ZYNQ-S8-2021/ADDER_PROJECTS_STANDARD/2 - ANDY/EBAZ4205/TEST_PROJ.sim/sim_1/behav/xsim'
INFO: [Vivado 12-4795] Using compiled simulation libraries for IPs
INFO: [SIM-utils-51] Simulation object is 'sim_1'
INFO: [USF-XSim-7] Finding pre-compiled libraries...
INFO: [USF-XSim-11] File 'H:/Xilinx/Vivado/2018.3/data/xsim/xsim.ini' copied to run dir:'C:/Users/lacze/Desktop/AGH-FPGA-S8/AGH-ZYNQ-S8-2021/ADDER_PROJECTS_STANDARD/2 - ANDY/EBAZ4205/TEST_PROJ.sim/sim_1/behav/xsim'
INFO: [SIM-utils-54] Inspecting design source files for 'carry_lookahead_adder_tb' in fileset 'sim_1'...
INFO: [USF-XSim-97] Finding global include files...
INFO: [USF-XSim-98] Fetching design files from 'sim_1'...
INFO: [USF-XSim-2] XSim::Compile design
INFO: [USF-XSim-61] Executing 'COMPILE and ANALYZE' step in 'C:/Users/lacze/Desktop/AGH-FPGA-S8/AGH-ZYNQ-S8-2021/ADDER_PROJECTS_STANDARD/2 - ANDY/EBAZ4205/TEST_PROJ.sim/sim_1/behav/xsim'
"xvlog --incr --relax -L axi_vip_v1_1_4 -L processing_system7_vip_v1_0_6 -L xilinx_vip -prj carry_lookahead_adder_tb_vlog.prj"
INFO: [VRFC 10-2263] Analyzing Verilog file "C:/Users/lacze/Desktop/AGH-FPGA-S8/AGH-ZYNQ-S8-2021/ADDER_PROJECTS_STANDARD/2 - ANDY/EBAZ4205/SOURCE_FILES/carry_lookahead_adder.v" into library xil_defaultlib
INFO: [VRFC 10-311] analyzing module full_adder
INFO: [VRFC 10-311] analyzing module carry_lookahead_adder
INFO: [VRFC 10-2263] Analyzing Verilog file "C:/Users/lacze/Desktop/AGH-FPGA-S8/AGH-ZYNQ-S8-2021/ADDER_PROJECTS_STANDARD/2 - ANDY/EBAZ4205/SOURCE_FILES/full_adder.v" into library xil_defaultlib
INFO: [VRFC 10-311] analyzing module full_adder
WARNING: [VRFC 10-3609] overwriting previous definition of module 'full_adder' [C:/Users/lacze/Desktop/AGH-FPGA-S8/AGH-ZYNQ-S8-2021/ADDER_PROJECTS_STANDARD/2 - ANDY/EBAZ4205/SOURCE_FILES/full_adder.v:3]
INFO: [VRFC 10-2263] Analyzing Verilog file "C:/Users/lacze/Desktop/AGH-FPGA-S8/AGH-ZYNQ-S8-2021/ADDER_PROJECTS_STANDARD/2 - ANDY/EBAZ4205/SOURCE_FILES/carry_lookahead_adder_TB.v" into library xil_defaultlib
INFO: [VRFC 10-311] analyzing module full_adder
INFO: [VRFC 10-311] analyzing module carry_lookahead_adder
WARNING: [VRFC 10-3609] overwriting previous definition of module 'carry_lookahead_adder' [C:/Users/lacze/Desktop/AGH-FPGA-S8/AGH-ZYNQ-S8-2021/ADDER_PROJECTS_STANDARD/2 - ANDY/EBAZ4205/SOURCE_FILES/carry_lookahead_adder.v:8]
INFO: [VRFC 10-311] analyzing module carry_lookahead_adder_tb
INFO: [USF-XSim-69] 'compile' step finished in '1' seconds
INFO: [USF-XSim-3] XSim::Elaborate design
INFO: [USF-XSim-61] Executing 'ELABORATE' step in 'C:/Users/lacze/Desktop/AGH-FPGA-S8/AGH-ZYNQ-S8-2021/ADDER_PROJECTS_STANDARD/2 - ANDY/EBAZ4205/TEST_PROJ.sim/sim_1/behav/xsim'
Vivado Simulator 2018.3
Copyright 1986-1999, 2001-2018 Xilinx, Inc. All Rights Reserved.
Running: H:/Xilinx/Vivado/2018.3/bin/unwrapped/win64.o/xelab.exe -wto 745340536f2541aa9a392f8ad33a7ca9 --incr --debug typical --relax --mt 2 -L xil_defaultlib -L xilinx_vip -L unisims_ver -L unimacro_ver -L secureip -L xpm --snapshot carry_lookahead_adder_tb_behav xil_defaultlib.carry_lookahead_adder_tb xil_defaultlib.glbl -log elaborate.log 
Using 2 slave threads.
Starting static elaboration
Completed static elaboration
Starting simulation data flow analysis
Completed simulation data flow analysis
Time Resolution for simulation is 1ps
Compiling module xil_defaultlib.full_adder
Compiling module xil_defaultlib.carry_lookahead_adder(WIDTH=16)
Compiling module xil_defaultlib.carry_lookahead_adder_tb
Compiling module xil_defaultlib.glbl
Built simulation snapshot carry_lookahead_adder_tb_behav
INFO: [USF-XSim-69] 'elaborate' step finished in '1' seconds
INFO: [USF-XSim-4] XSim::Simulate design
INFO: [USF-XSim-61] Executing 'SIMULATE' step in 'C:/Users/lacze/Desktop/AGH-FPGA-S8/AGH-ZYNQ-S8-2021/ADDER_PROJECTS_STANDARD/2 - ANDY/EBAZ4205/TEST_PROJ.sim/sim_1/behav/xsim'
INFO: [USF-XSim-98] *** Running xsim
   with args "carry_lookahead_adder_tb_behav -key {Behavioral:sim_1:Functional:carry_lookahead_adder_tb} -tclbatch {carry_lookahead_adder_tb.tcl} -protoinst "protoinst_files/TEST_BD.protoinst" -log {simulate.log}"
INFO: [USF-XSim-8] Loading simulator feature
Vivado Simulator 2018.3
INFO: [Wavedata 42-565] Reading protoinst file protoinst_files/TEST_BD.protoinst
WARNING: [Wavedata 42-558] Couldn't load one or more protocol instances from protoinst file protoinst_files/TEST_BD.protoinst for the following reason(s):
There are no instances of module "TEST_BD" in the design.

Time resolution is 1 ps
source carry_lookahead_adder_tb.tcl
# set curr_wave [current_wave_config]
# if { [string length $curr_wave] == 0 } {
#   if { [llength [get_objects]] > 0} {
#     add_wave /
#     set_property needs_save false [current_wave_config]
#   } else {
#      send_msg_id Add_Wave-1 WARNING "No top level signals found. Simulator will start without a wave window. If you want to open a wave window go to 'File->New Waveform Configuration' or type 'create_wave_config' in the TCL console."
#   }
# }
# run 1000ns
INFO: [USF-XSim-96] XSim completed. Design snapshot 'carry_lookahead_adder_tb_behav' loaded.
INFO: [USF-XSim-97] XSim simulation ran for 1000ns
synth_design -rtl -name rtl_1
Command: synth_design -rtl -name rtl_1
Starting synth_design
Using part: xc7z010clg400-1
Top: carry_lookahead_adder
WARNING: [Synth 8-2490] overwriting previous definition of module full_adder [C:/Users/lacze/Desktop/AGH-FPGA-S8/AGH-ZYNQ-S8-2021/ADDER_PROJECTS_STANDARD/2 - ANDY/EBAZ4205/SOURCE_FILES/full_adder.v:3]
---------------------------------------------------------------------------------
Starting RTL Elaboration : Time (s): cpu = 00:00:01 ; elapsed = 00:00:02 . Memory (MB): peak = 1467.879 ; gain = 0.000
---------------------------------------------------------------------------------
INFO: [Synth 8-6157] synthesizing module 'carry_lookahead_adder' [C:/Users/lacze/Desktop/AGH-FPGA-S8/AGH-ZYNQ-S8-2021/ADDER_PROJECTS_STANDARD/2 - ANDY/EBAZ4205/SOURCE_FILES/carry_lookahead_adder.v:8]
	Parameter WIDTH bound to: 3 - type: integer 
INFO: [Synth 8-6157] synthesizing module 'full_adder' [C:/Users/lacze/Desktop/AGH-FPGA-S8/AGH-ZYNQ-S8-2021/ADDER_PROJECTS_STANDARD/2 - ANDY/EBAZ4205/SOURCE_FILES/full_adder.v:3]
INFO: [Synth 8-6155] done synthesizing module 'full_adder' (1#1) [C:/Users/lacze/Desktop/AGH-FPGA-S8/AGH-ZYNQ-S8-2021/ADDER_PROJECTS_STANDARD/2 - ANDY/EBAZ4205/SOURCE_FILES/full_adder.v:3]
INFO: [Synth 8-6155] done synthesizing module 'carry_lookahead_adder' (2#1) [C:/Users/lacze/Desktop/AGH-FPGA-S8/AGH-ZYNQ-S8-2021/ADDER_PROJECTS_STANDARD/2 - ANDY/EBAZ4205/SOURCE_FILES/carry_lookahead_adder.v:8]
---------------------------------------------------------------------------------
Finished RTL Elaboration : Time (s): cpu = 00:00:02 ; elapsed = 00:00:02 . Memory (MB): peak = 1467.879 ; gain = 0.000
---------------------------------------------------------------------------------

Report Check Netlist: 
+------+------------------+-------+---------+-------+------------------+
|      |Item              |Errors |Warnings |Status |Description       |
+------+------------------+-------+---------+-------+------------------+
|1     |multi_driven_nets |      0|        0|Passed |Multi driven nets |
+------+------------------+-------+---------+-------+------------------+
---------------------------------------------------------------------------------
Start Handling Custom Attributes
---------------------------------------------------------------------------------
---------------------------------------------------------------------------------
Finished Handling Custom Attributes : Time (s): cpu = 00:00:02 ; elapsed = 00:00:02 . Memory (MB): peak = 1467.879 ; gain = 0.000
---------------------------------------------------------------------------------
---------------------------------------------------------------------------------
Finished RTL Optimization Phase 1 : Time (s): cpu = 00:00:02 ; elapsed = 00:00:02 . Memory (MB): peak = 1467.879 ; gain = 0.000
---------------------------------------------------------------------------------
INFO: [Project 1-570] Preparing netlist for logic optimization

Processing XDC Constraints
Initializing timing engine
Completed Processing XDC Constraints

INFO: [Opt 31-138] Pushed 0 inverter(s) to 0 load pin(s).
Netlist sorting complete. Time (s): cpu = 00:00:00 ; elapsed = 00:00:00 . Memory (MB): peak = 1467.879 ; gain = 0.000
INFO: [Project 1-111] Unisim Transformation Summary:
No Unisim elements were transformed.

RTL Elaboration Complete:  : Time (s): cpu = 00:00:05 ; elapsed = 00:00:04 . Memory (MB): peak = 1467.879 ; gain = 0.000
7 Infos, 1 Warnings, 0 Critical Warnings and 0 Errors encountered.
synth_design completed successfully
refresh_design
WARNING: [Synth 8-2490] overwriting previous definition of module full_adder [C:/Users/lacze/Desktop/AGH-FPGA-S8/AGH-ZYNQ-S8-2021/ADDER_PROJECTS_STANDARD/2 - ANDY/EBAZ4205/SOURCE_FILES/full_adder.v:3]
---------------------------------------------------------------------------------
Starting RTL Elaboration : Time (s): cpu = 00:00:02 ; elapsed = 00:00:02 . Memory (MB): peak = 1467.879 ; gain = 0.000
---------------------------------------------------------------------------------
INFO: [Synth 8-6157] synthesizing module 'carry_lookahead_adder' [C:/Users/lacze/Desktop/AGH-FPGA-S8/AGH-ZYNQ-S8-2021/ADDER_PROJECTS_STANDARD/2 - ANDY/EBAZ4205/SOURCE_FILES/carry_lookahead_adder.v:8]
	Parameter WIDTH bound to: 16 - type: integer 
INFO: [Synth 8-6157] synthesizing module 'full_adder' [C:/Users/lacze/Desktop/AGH-FPGA-S8/AGH-ZYNQ-S8-2021/ADDER_PROJECTS_STANDARD/2 - ANDY/EBAZ4205/SOURCE_FILES/full_adder.v:3]
INFO: [Synth 8-6155] done synthesizing module 'full_adder' (1#1) [C:/Users/lacze/Desktop/AGH-FPGA-S8/AGH-ZYNQ-S8-2021/ADDER_PROJECTS_STANDARD/2 - ANDY/EBAZ4205/SOURCE_FILES/full_adder.v:3]
INFO: [Synth 8-6155] done synthesizing module 'carry_lookahead_adder' (2#1) [C:/Users/lacze/Desktop/AGH-FPGA-S8/AGH-ZYNQ-S8-2021/ADDER_PROJECTS_STANDARD/2 - ANDY/EBAZ4205/SOURCE_FILES/carry_lookahead_adder.v:8]
---------------------------------------------------------------------------------
Finished RTL Elaboration : Time (s): cpu = 00:00:02 ; elapsed = 00:00:02 . Memory (MB): peak = 1467.879 ; gain = 0.000
---------------------------------------------------------------------------------

Report Check Netlist: 
+------+------------------+-------+---------+-------+------------------+
|      |Item              |Errors |Warnings |Status |Description       |
+------+------------------+-------+---------+-------+------------------+
|1     |multi_driven_nets |      0|        0|Passed |Multi driven nets |
+------+------------------+-------+---------+-------+------------------+
---------------------------------------------------------------------------------
Start Handling Custom Attributes
---------------------------------------------------------------------------------
---------------------------------------------------------------------------------
Finished Handling Custom Attributes : Time (s): cpu = 00:00:02 ; elapsed = 00:00:02 . Memory (MB): peak = 1467.879 ; gain = 0.000
---------------------------------------------------------------------------------
---------------------------------------------------------------------------------
Finished RTL Optimization Phase 1 : Time (s): cpu = 00:00:02 ; elapsed = 00:00:02 . Memory (MB): peak = 1467.879 ; gain = 0.000
---------------------------------------------------------------------------------
INFO: [Project 1-570] Preparing netlist for logic optimization

Processing XDC Constraints
Initializing timing engine
Completed Processing XDC Constraints

INFO: [Opt 31-138] Pushed 0 inverter(s) to 0 load pin(s).
refresh_design: Time (s): cpu = 00:00:08 ; elapsed = 00:00:06 . Memory (MB): peak = 1475.430 ; gain = 7.551
open_run synth_1 -name synth_1
Design is defaulting to impl run constrset: constrs_1
Design is defaulting to synth run part: xc7z010clg400-1
INFO: [Project 1-479] Netlist was created with Vivado 2018.3
INFO: [Project 1-570] Preparing netlist for logic optimization
INFO: [Opt 31-138] Pushed 0 inverter(s) to 0 load pin(s).
CRITICAL WARNING: [Project 1-486] Could not resolve non-primitive black box cell 'TEST_BD_processing_system7_0_0' instantiated as 'TEST_BD_i/processing_system7_0' [C:/Users/lacze/Desktop/AGH-FPGA-S8/EBAZ4205/TEST_PROJ.srcs/sources_1/bd/TEST_BD/synth/TEST_BD.v:80]
Netlist sorting complete. Time (s): cpu = 00:00:00 ; elapsed = 00:00:00 . Memory (MB): peak = 1572.434 ; gain = 0.000
INFO: [Project 1-111] Unisim Transformation Summary:
No Unisim elements were transformed.

reset_run synth_1
WARNING: [Vivado 12-1017] Problems encountered:
1. Failed to delete one or more files in run directory C:/Users/lacze/Desktop/AGH-FPGA-S8/AGH-ZYNQ-S8-2021/ADDER_PROJECTS_STANDARD/2 - ANDY/EBAZ4205/TEST_PROJ.runs/synth_1

launch_runs synth_1 -jobs 16
WARNING: [HDL 9-3756] overwriting previous definition of module 'full_adder' [C:/Users/lacze/Desktop/AGH-FPGA-S8/AGH-ZYNQ-S8-2021/ADDER_PROJECTS_STANDARD/2 - ANDY/EBAZ4205/SOURCE_FILES/full_adder.v:3]
[Sun May  2 23:12:22 2021] Launched synth_1...
Run output will be captured here: C:/Users/lacze/Desktop/AGH-FPGA-S8/AGH-ZYNQ-S8-2021/ADDER_PROJECTS_STANDARD/2 - ANDY/EBAZ4205/TEST_PROJ.runs/synth_1/runme.log
close_design
open_run synth_1 -name synth_1
Design is defaulting to impl run constrset: constrs_1
Design is defaulting to synth run part: xc7z010clg400-1
INFO: [Project 1-479] Netlist was created with Vivado 2018.3
INFO: [Project 1-570] Preparing netlist for logic optimization
INFO: [Opt 31-138] Pushed 0 inverter(s) to 0 load pin(s).
Netlist sorting complete. Time (s): cpu = 00:00:00 ; elapsed = 00:00:00 . Memory (MB): peak = 2094.047 ; gain = 0.000
INFO: [Project 1-111] Unisim Transformation Summary:
No Unisim elements were transformed.

reset_simulation -simset sim_1 -mode post-synthesis -type timing
launch_simulation -mode post-synthesis -type timing
INFO: [Vivado 12-5698] Checking validity of IPs in the design for the 'XSim' simulator...
INFO: [Vivado 12-5682] Launching post-synthesis timing simulation in 'C:/Users/lacze/Desktop/AGH-FPGA-S8/AGH-ZYNQ-S8-2021/ADDER_PROJECTS_STANDARD/2 - ANDY/EBAZ4205/TEST_PROJ.sim/sim_1/synth/timing/xsim'
INFO: [Vivado 12-4795] Using compiled simulation libraries for IPs
INFO: [SIM-utils-51] Simulation object is 'sim_1'
INFO: [SIM-utils-24] Writing simulation netlist file for design 'synth_1'...
INFO: [SIM-utils-25] write_verilog -mode timesim -nolib -sdf_anno true -force -file "C:/Users/lacze/Desktop/AGH-FPGA-S8/AGH-ZYNQ-S8-2021/ADDER_PROJECTS_STANDARD/2 - ANDY/EBAZ4205/TEST_PROJ.sim/sim_1/synth/timing/xsim/carry_lookahead_adder_tb_time_synth.v"
INFO: [SIM-utils-27] Writing SDF file...
INFO: [SIM-utils-28] write_sdf -mode timesim -process_corner slow -force -file "C:/Users/lacze/Desktop/AGH-FPGA-S8/AGH-ZYNQ-S8-2021/ADDER_PROJECTS_STANDARD/2 - ANDY/EBAZ4205/TEST_PROJ.sim/sim_1/synth/timing/xsim/carry_lookahead_adder_tb_time_synth.sdf"
INFO: [SIM-utils-36] Netlist generated:C:/Users/lacze/Desktop/AGH-FPGA-S8/AGH-ZYNQ-S8-2021/ADDER_PROJECTS_STANDARD/2 - ANDY/EBAZ4205/TEST_PROJ.sim/sim_1/synth/timing/xsim/carry_lookahead_adder_tb_time_synth.v
INFO: [SIM-utils-37] SDF generated:C:/Users/lacze/Desktop/AGH-FPGA-S8/AGH-ZYNQ-S8-2021/ADDER_PROJECTS_STANDARD/2 - ANDY/EBAZ4205/TEST_PROJ.sim/sim_1/synth/timing/xsim/carry_lookahead_adder_tb_time_synth.sdf
INFO: [USF-XSim-7] Finding pre-compiled libraries...
INFO: [USF-XSim-11] File 'H:/Xilinx/Vivado/2018.3/data/xsim/xsim.ini' copied to run dir:'C:/Users/lacze/Desktop/AGH-FPGA-S8/AGH-ZYNQ-S8-2021/ADDER_PROJECTS_STANDARD/2 - ANDY/EBAZ4205/TEST_PROJ.sim/sim_1/synth/timing/xsim'
INFO: [SIM-utils-54] Inspecting design source files for 'carry_lookahead_adder_tb' in fileset 'sim_1'...
INFO: [USF-XSim-2] XSim::Compile design
INFO: [USF-XSim-61] Executing 'COMPILE and ANALYZE' step in 'C:/Users/lacze/Desktop/AGH-FPGA-S8/AGH-ZYNQ-S8-2021/ADDER_PROJECTS_STANDARD/2 - ANDY/EBAZ4205/TEST_PROJ.sim/sim_1/synth/timing/xsim'
"xvlog --incr --relax -L axi_vip_v1_1_4 -L processing_system7_vip_v1_0_6 -L xilinx_vip -prj carry_lookahead_adder_tb_vlog.prj"
INFO: [VRFC 10-2263] Analyzing Verilog file "C:/Users/lacze/Desktop/AGH-FPGA-S8/AGH-ZYNQ-S8-2021/ADDER_PROJECTS_STANDARD/2 - ANDY/EBAZ4205/TEST_PROJ.sim/sim_1/synth/timing/xsim/carry_lookahead_adder_tb_time_synth.v" into library xil_defaultlib
INFO: [VRFC 10-311] analyzing module carry_lookahead_adder
INFO: [VRFC 10-311] analyzing module glbl
INFO: [VRFC 10-2263] Analyzing Verilog file "C:/Users/lacze/Desktop/AGH-FPGA-S8/AGH-ZYNQ-S8-2021/ADDER_PROJECTS_STANDARD/2 - ANDY/EBAZ4205/SOURCE_FILES/carry_lookahead_adder_TB.v" into library xil_defaultlib
INFO: [VRFC 10-311] analyzing module full_adder
INFO: [VRFC 10-311] analyzing module carry_lookahead_adder
WARNING: [VRFC 10-3609] overwriting previous definition of module 'carry_lookahead_adder' [C:/Users/lacze/Desktop/AGH-FPGA-S8/AGH-ZYNQ-S8-2021/ADDER_PROJECTS_STANDARD/2 - ANDY/EBAZ4205/SOURCE_FILES/carry_lookahead_adder.v:8]
INFO: [VRFC 10-311] analyzing module carry_lookahead_adder_tb
INFO: [USF-XSim-69] 'compile' step finished in '1' seconds
INFO: [USF-XSim-3] XSim::Elaborate design
INFO: [USF-XSim-61] Executing 'ELABORATE' step in 'C:/Users/lacze/Desktop/AGH-FPGA-S8/AGH-ZYNQ-S8-2021/ADDER_PROJECTS_STANDARD/2 - ANDY/EBAZ4205/TEST_PROJ.sim/sim_1/synth/timing/xsim'
Vivado Simulator 2018.3
Copyright 1986-1999, 2001-2018 Xilinx, Inc. All Rights Reserved.
Running: H:/Xilinx/Vivado/2018.3/bin/unwrapped/win64.o/xelab.exe -wto 745340536f2541aa9a392f8ad33a7ca9 --incr --debug typical --relax --mt 2 --maxdelay -L xil_defaultlib -L xilinx_vip -L simprims_ver -L secureip --snapshot carry_lookahead_adder_tb_time_synth -transport_int_delays -pulse_r 0 -pulse_int_r 0 -pulse_e 0 -pulse_int_e 0 xil_defaultlib.carry_lookahead_adder_tb xil_defaultlib.glbl -log elaborate.log 
Using 2 slave threads.
Starting static elaboration
Completed static elaboration
Starting simulation data flow analysis
Completed simulation data flow analysis
Time Resolution for simulation is 1ps
Compiling module xil_defaultlib.full_adder
Compiling module xil_defaultlib.carry_lookahead_adder_default
Compiling module xil_defaultlib.carry_lookahead_adder_tb
Compiling module xil_defaultlib.glbl
Built simulation snapshot carry_lookahead_adder_tb_time_synth
ERROR: [Common 17-165] Too many positional options when parsing '-notrace', please type 'webtalk -help' for usage info.

INFO: [USF-XSim-69] 'elaborate' step finished in '2' seconds
INFO: [USF-XSim-4] XSim::Simulate design
INFO: [USF-XSim-61] Executing 'SIMULATE' step in 'C:/Users/lacze/Desktop/AGH-FPGA-S8/AGH-ZYNQ-S8-2021/ADDER_PROJECTS_STANDARD/2 - ANDY/EBAZ4205/TEST_PROJ.sim/sim_1/synth/timing/xsim'
INFO: [USF-XSim-98] *** Running xsim
   with args "carry_lookahead_adder_tb_time_synth -key {Post-Synthesis:sim_1:Timing:carry_lookahead_adder_tb} -tclbatch {carry_lookahead_adder_tb.tcl} -protoinst "protoinst_files/TEST_BD.protoinst" -log {simulate.log}"
INFO: [USF-XSim-8] Loading simulator feature
Vivado Simulator 2018.3
INFO: [Wavedata 42-565] Reading protoinst file protoinst_files/TEST_BD.protoinst
WARNING: [Wavedata 42-558] Couldn't load one or more protocol instances from protoinst file protoinst_files/TEST_BD.protoinst for the following reason(s):
There are no instances of module "TEST_BD" in the design.

Time resolution is 1 ps
source carry_lookahead_adder_tb.tcl
# set curr_wave [current_wave_config]
# if { [string length $curr_wave] == 0 } {
#   if { [llength [get_objects]] > 0} {
#     add_wave /
#     set_property needs_save false [current_wave_config]
#   } else {
#      send_msg_id Add_Wave-1 WARNING "No top level signals found. Simulator will start without a wave window. If you want to open a wave window go to 'File->New Waveform Configuration' or type 'create_wave_config' in the TCL console."
#   }
# }
# run 1000ns
INFO: [USF-XSim-96] XSim completed. Design snapshot 'carry_lookahead_adder_tb_time_synth' loaded.
INFO: [USF-XSim-97] XSim simulation ran for 1000ns
launch_runs impl_1 -jobs 16
Netlist sorting complete. Time (s): cpu = 00:00:00 ; elapsed = 00:00:00 . Memory (MB): peak = 2666.719 ; gain = 0.000
WARNING: [Constraints 18-5210] No constraints selected for write.
Resolution: This message can indicate that there are no constraints for the design, or it can indicate that the used_in flags are set such that the constraints are ignored. This later case is used when running synth_design to not write synthesis constraints to the resulting checkpoint. Instead, project constraints are read when the synthesized design is opened.
ERROR: [Common 17-165] Too many positional options when parsing 'ANDY/EBAZ4205/TEST_PROJ.runs/impl_1/carry_lookahead_adder.hwdef', please type 'write_hwdef -help' for usage info.
[Sun May  2 23:15:35 2021] Launched impl_1...
Run output will be captured here: C:/Users/lacze/Desktop/AGH-FPGA-S8/AGH-ZYNQ-S8-2021/ADDER_PROJECTS_STANDARD/2 - ANDY/EBAZ4205/TEST_PROJ.runs/impl_1/runme.log
launch_simulation -mode post-implementation -type timing
INFO: [Vivado 12-5698] Checking validity of IPs in the design for the 'XSim' simulator...
INFO: [Vivado 12-5682] Launching post-implementation timing simulation in 'C:/Users/lacze/Desktop/AGH-FPGA-S8/AGH-ZYNQ-S8-2021/ADDER_PROJECTS_STANDARD/2 - ANDY/EBAZ4205/TEST_PROJ.sim/sim_1/impl/timing/xsim'
INFO: [Vivado 12-4795] Using compiled simulation libraries for IPs
INFO: [SIM-utils-51] Simulation object is 'sim_1'
INFO: [Project 1-479] Netlist was created with Vivado 2018.3
INFO: [Project 1-570] Preparing netlist for logic optimization
Reading XDEF placement.
Reading placer database...
Reading XDEF routing.
Read XDEF File: Time (s): cpu = 00:00:00 ; elapsed = 00:00:00.040 . Memory (MB): peak = 2666.719 ; gain = 0.000
Restored from archive | CPU: 0.000000 secs | Memory: 0.000000 MB |
Finished XDEF File Restore: Time (s): cpu = 00:00:00 ; elapsed = 00:00:00.040 . Memory (MB): peak = 2666.719 ; gain = 0.000
Netlist sorting complete. Time (s): cpu = 00:00:00 ; elapsed = 00:00:00 . Memory (MB): peak = 2666.719 ; gain = 0.000
INFO: [Project 1-111] Unisim Transformation Summary:
No Unisim elements were transformed.

INFO: [SIM-utils-31] Writing simulation netlist file for design 'impl_1'...
INFO: [SIM-utils-32] write_verilog -mode timesim -nolib -sdf_anno true -force -file "C:/Users/lacze/Desktop/AGH-FPGA-S8/AGH-ZYNQ-S8-2021/ADDER_PROJECTS_STANDARD/2 - ANDY/EBAZ4205/TEST_PROJ.sim/sim_1/impl/timing/xsim/carry_lookahead_adder_tb_time_impl.v"
INFO: [SIM-utils-34] Writing SDF file...
INFO: [SIM-utils-35] write_sdf -mode timesim -process_corner slow -force -file "C:/Users/lacze/Desktop/AGH-FPGA-S8/AGH-ZYNQ-S8-2021/ADDER_PROJECTS_STANDARD/2 - ANDY/EBAZ4205/TEST_PROJ.sim/sim_1/impl/timing/xsim/carry_lookahead_adder_tb_time_impl.sdf"
INFO: [SIM-utils-36] Netlist generated:C:/Users/lacze/Desktop/AGH-FPGA-S8/AGH-ZYNQ-S8-2021/ADDER_PROJECTS_STANDARD/2 - ANDY/EBAZ4205/TEST_PROJ.sim/sim_1/impl/timing/xsim/carry_lookahead_adder_tb_time_impl.v
INFO: [SIM-utils-37] SDF generated:C:/Users/lacze/Desktop/AGH-FPGA-S8/AGH-ZYNQ-S8-2021/ADDER_PROJECTS_STANDARD/2 - ANDY/EBAZ4205/TEST_PROJ.sim/sim_1/impl/timing/xsim/carry_lookahead_adder_tb_time_impl.sdf
INFO: [USF-XSim-7] Finding pre-compiled libraries...
INFO: [USF-XSim-11] File 'H:/Xilinx/Vivado/2018.3/data/xsim/xsim.ini' copied to run dir:'C:/Users/lacze/Desktop/AGH-FPGA-S8/AGH-ZYNQ-S8-2021/ADDER_PROJECTS_STANDARD/2 - ANDY/EBAZ4205/TEST_PROJ.sim/sim_1/impl/timing/xsim'
INFO: [SIM-utils-54] Inspecting design source files for 'carry_lookahead_adder_tb' in fileset 'sim_1'...
INFO: [USF-XSim-2] XSim::Compile design
INFO: [USF-XSim-61] Executing 'COMPILE and ANALYZE' step in 'C:/Users/lacze/Desktop/AGH-FPGA-S8/AGH-ZYNQ-S8-2021/ADDER_PROJECTS_STANDARD/2 - ANDY/EBAZ4205/TEST_PROJ.sim/sim_1/impl/timing/xsim'
"xvlog --incr --relax -L axi_vip_v1_1_4 -L processing_system7_vip_v1_0_6 -L xilinx_vip -prj carry_lookahead_adder_tb_vlog.prj"
INFO: [VRFC 10-2263] Analyzing Verilog file "C:/Users/lacze/Desktop/AGH-FPGA-S8/AGH-ZYNQ-S8-2021/ADDER_PROJECTS_STANDARD/2 - ANDY/EBAZ4205/TEST_PROJ.sim/sim_1/impl/timing/xsim/carry_lookahead_adder_tb_time_impl.v" into library xil_defaultlib
INFO: [VRFC 10-311] analyzing module carry_lookahead_adder
INFO: [VRFC 10-311] analyzing module glbl
INFO: [VRFC 10-2263] Analyzing Verilog file "C:/Users/lacze/Desktop/AGH-FPGA-S8/AGH-ZYNQ-S8-2021/ADDER_PROJECTS_STANDARD/2 - ANDY/EBAZ4205/SOURCE_FILES/carry_lookahead_adder_TB.v" into library xil_defaultlib
INFO: [VRFC 10-311] analyzing module full_adder
INFO: [VRFC 10-311] analyzing module carry_lookahead_adder
WARNING: [VRFC 10-3609] overwriting previous definition of module 'carry_lookahead_adder' [C:/Users/lacze/Desktop/AGH-FPGA-S8/AGH-ZYNQ-S8-2021/ADDER_PROJECTS_STANDARD/2 - ANDY/EBAZ4205/SOURCE_FILES/carry_lookahead_adder.v:8]
INFO: [VRFC 10-311] analyzing module carry_lookahead_adder_tb
INFO: [USF-XSim-69] 'compile' step finished in '1' seconds
INFO: [USF-XSim-3] XSim::Elaborate design
INFO: [USF-XSim-61] Executing 'ELABORATE' step in 'C:/Users/lacze/Desktop/AGH-FPGA-S8/AGH-ZYNQ-S8-2021/ADDER_PROJECTS_STANDARD/2 - ANDY/EBAZ4205/TEST_PROJ.sim/sim_1/impl/timing/xsim'
Vivado Simulator 2018.3
Copyright 1986-1999, 2001-2018 Xilinx, Inc. All Rights Reserved.
Running: H:/Xilinx/Vivado/2018.3/bin/unwrapped/win64.o/xelab.exe -wto 745340536f2541aa9a392f8ad33a7ca9 --incr --debug typical --relax --mt 2 --maxdelay -L xil_defaultlib -L xilinx_vip -L simprims_ver -L secureip --snapshot carry_lookahead_adder_tb_time_impl -transport_int_delays -pulse_r 0 -pulse_int_r 0 -pulse_e 0 -pulse_int_e 0 xil_defaultlib.carry_lookahead_adder_tb xil_defaultlib.glbl -log elaborate.log 
Using 2 slave threads.
Starting static elaboration
Completed static elaboration
Starting simulation data flow analysis
Completed simulation data flow analysis
Time Resolution for simulation is 1ps
Compiling module xil_defaultlib.full_adder
Compiling module xil_defaultlib.carry_lookahead_adder_default
Compiling module xil_defaultlib.carry_lookahead_adder_tb
Compiling module xil_defaultlib.glbl
Built simulation snapshot carry_lookahead_adder_tb_time_impl
ERROR: [Common 17-165] Too many positional options when parsing '-notrace', please type 'webtalk -help' for usage info.

INFO: [USF-XSim-69] 'elaborate' step finished in '2' seconds
INFO: [USF-XSim-4] XSim::Simulate design
INFO: [USF-XSim-61] Executing 'SIMULATE' step in 'C:/Users/lacze/Desktop/AGH-FPGA-S8/AGH-ZYNQ-S8-2021/ADDER_PROJECTS_STANDARD/2 - ANDY/EBAZ4205/TEST_PROJ.sim/sim_1/impl/timing/xsim'
INFO: [USF-XSim-98] *** Running xsim
   with args "carry_lookahead_adder_tb_time_impl -key {Post-Implementation:sim_1:Timing:carry_lookahead_adder_tb} -tclbatch {carry_lookahead_adder_tb.tcl} -protoinst "protoinst_files/TEST_BD.protoinst" -log {simulate.log}"
INFO: [USF-XSim-8] Loading simulator feature
Vivado Simulator 2018.3
INFO: [Wavedata 42-565] Reading protoinst file protoinst_files/TEST_BD.protoinst
WARNING: [Wavedata 42-558] Couldn't load one or more protocol instances from protoinst file protoinst_files/TEST_BD.protoinst for the following reason(s):
There are no instances of module "TEST_BD" in the design.

Time resolution is 1 ps
source carry_lookahead_adder_tb.tcl
# set curr_wave [current_wave_config]
# if { [string length $curr_wave] == 0 } {
#   if { [llength [get_objects]] > 0} {
#     add_wave /
#     set_property needs_save false [current_wave_config]
#   } else {
#      send_msg_id Add_Wave-1 WARNING "No top level signals found. Simulator will start without a wave window. If you want to open a wave window go to 'File->New Waveform Configuration' or type 'create_wave_config' in the TCL console."
#   }
# }
# run 1000ns
INFO: [USF-XSim-96] XSim completed. Design snapshot 'carry_lookahead_adder_tb_time_impl' loaded.
INFO: [USF-XSim-97] XSim simulation ran for 1000ns
launch_simulation: Time (s): cpu = 00:00:05 ; elapsed = 00:00:07 . Memory (MB): peak = 2666.719 ; gain = 0.000
close_sim
INFO: [Simtcl 6-16] Simulation closed
current_sim simulation_3
close_sim
INFO: [Simtcl 6-16] Simulation closed
close_sim
INFO: [Simtcl 6-16] Simulation closed
close_design
close_design
close_design
open_run synth_1 -name synth_1
Design is defaulting to impl run constrset: constrs_1
Design is defaulting to synth run part: xc7z010clg400-1
INFO: [Project 1-479] Netlist was created with Vivado 2018.3
INFO: [Project 1-570] Preparing netlist for logic optimization
INFO: [Opt 31-138] Pushed 0 inverter(s) to 0 load pin(s).
Netlist sorting complete. Time (s): cpu = 00:00:00 ; elapsed = 00:00:00 . Memory (MB): peak = 2757.695 ; gain = 0.000
INFO: [Project 1-111] Unisim Transformation Summary:
No Unisim elements were transformed.

report_timing_summary -delay_type min_max -report_unconstrained -check_timing_verbose -max_paths 10 -input_pins -routable_nets -name timing_1
INFO: [Timing 38-35] Done setting XDC timing constraints.
INFO: [Timing 38-91] UpdateTimingParams: Speed grade: -1, Delay Type: min_max.
INFO: [Timing 38-191] Multithreading enabled for timing update using a maximum of 2 CPUs
close_design
open_run impl_1
INFO: [Project 1-479] Netlist was created with Vivado 2018.3
INFO: [Project 1-570] Preparing netlist for logic optimization
Reading XDEF placement.
Reading placer database...
Reading XDEF routing.
Read XDEF File: Time (s): cpu = 00:00:01 ; elapsed = 00:00:00.039 . Memory (MB): peak = 2757.695 ; gain = 0.000
Restored from archive | CPU: 1.000000 secs | Memory: 0.000000 MB |
Finished XDEF File Restore: Time (s): cpu = 00:00:01 ; elapsed = 00:00:00.039 . Memory (MB): peak = 2757.695 ; gain = 0.000
Netlist sorting complete. Time (s): cpu = 00:00:00 ; elapsed = 00:00:00 . Memory (MB): peak = 2757.695 ; gain = 0.000
INFO: [Project 1-111] Unisim Transformation Summary:
No Unisim elements were transformed.

WARNING: [Timing 38-313] There are no user specified timing constraints. Timing constraints are needed for proper timing analysis.
report_timing_summary -delay_type min_max -report_unconstrained -check_timing_verbose -max_paths 10 -input_pins -routable_nets -name timing_1
INFO: [Timing 38-35] Done setting XDC timing constraints.
INFO: [Timing 38-91] UpdateTimingParams: Speed grade: -1, Delay Type: min_max.
INFO: [Timing 38-191] Multithreading enabled for timing update using a maximum of 2 CPUs
close_design
exit
INFO: [Common 17-206] Exiting Vivado at Sun May  2 23:30:54 2021...
