#-----------------------------------------------------------
# Vivado v2018.3 (64-bit)
# SW Build 2405991 on Thu Dec  6 23:38:27 MST 2018
# IP Build 2404404 on Fri Dec  7 01:43:56 MST 2018
# Start of session at: Mon Apr  5 20:36:27 2021
# Process ID: 12764
# Current directory: C:/Users/lacze/Desktop/AGH-FPGA-S8/EBAZ4205
# Command line: vivado.exe -gui_launcher_event rodinguilauncherevent13508 C:\Users\lacze\Desktop\AGH-FPGA-S8\EBAZ4205\TEST_PROJ.xpr
# Log file: C:/Users/lacze/Desktop/AGH-FPGA-S8/EBAZ4205/vivado.log
# Journal file: C:/Users/lacze/Desktop/AGH-FPGA-S8/EBAZ4205\vivado.jou
#-----------------------------------------------------------
start_gui
open_project C:/Users/lacze/Desktop/AGH-FPGA-S8/EBAZ4205/TEST_PROJ.xpr
Scanning sources...
Finished scanning sources
INFO: [IP_Flow 19-234] Refreshing IP repositories
INFO: [IP_Flow 19-1700] Loaded user IP repository 'c:/Users/lacze/Desktop/AGH-FPGA-S8/ip_repo/cordic_ip_1.0'.
INFO: [IP_Flow 19-2313] Loaded Vivado IP repository 'H:/Xilinx/Vivado/2018.3/data/ip'.
update_compile_order -fileset sources_1
launch_sdk -workspace C:/Users/lacze/Desktop/AGH-FPGA-S8/EBAZ4205/TEST_PROJ.sdk -hwspec C:/Users/lacze/Desktop/AGH-FPGA-S8/EBAZ4205/TEST_PROJ.sdk/TEST_BD_wrapper.hdf
INFO: [Vivado 12-393] Launching SDK...
INFO: [Vivado 12-417] Running xsdk -workspace C:/Users/lacze/Desktop/AGH-FPGA-S8/EBAZ4205/TEST_PROJ.sdk -hwspec C:/Users/lacze/Desktop/AGH-FPGA-S8/EBAZ4205/TEST_PROJ.sdk/TEST_BD_wrapper.hdf
INFO: [Vivado 12-3157] SDK launch initiated. Please check console for any further messages.
exit
INFO: [Common 17-206] Exiting Vivado at Mon Apr  5 20:37:36 2021...
