#-----------------------------------------------------------
# Vivado v2018.3 (64-bit)
# SW Build 2405991 on Thu Dec  6 23:38:27 MST 2018
# IP Build 2404404 on Fri Dec  7 01:43:56 MST 2018
# Start of session at: Sun May  2 23:47:13 2021
# Process ID: 20944
# Current directory: C:/Users/lacze/Desktop/AGH-FPGA-S8/AGH-ZYNQ-S8-2021/ADDER_PROJECTS_STANDARD/2 _ANDY/EBAZ4205
# Command line: vivado.exe -gui_launcher_event rodinguilauncherevent3784 C:\Users\lacze\Desktop\AGH-FPGA-S8\AGH-ZYNQ-S8-2021\ADDER_PROJECTS_STANDARD\2 _ANDY\EBAZ4205\TEST_PROJ.xpr
# Log file: C:/Users/lacze/Desktop/AGH-FPGA-S8/AGH-ZYNQ-S8-2021/ADDER_PROJECTS_STANDARD/2 _ANDY/EBAZ4205/vivado.log
# Journal file: C:/Users/lacze/Desktop/AGH-FPGA-S8/AGH-ZYNQ-S8-2021/ADDER_PROJECTS_STANDARD/2 _ANDY/EBAZ4205\vivado.jou
#-----------------------------------------------------------
start_gui
open_project {C:/Users/lacze/Desktop/AGH-FPGA-S8/AGH-ZYNQ-S8-2021/ADDER_PROJECTS_STANDARD/2 _ANDY/EBAZ4205/TEST_PROJ.xpr}
INFO: [ProjectBase 1-489] The host OS only allows 260 characters in a normal path. The project is stored in a path with more than 80 characters. If you experience issues with IP, Block Designs, or files not being found, please consider moving the project to a location with a shorter path. Alternately consider using the OS subst command to map part of the path to a drive letter.
Current project path is 'C:/Users/lacze/Desktop/AGH-FPGA-S8/AGH-ZYNQ-S8-2021/ADDER_PROJECTS_STANDARD/2 _ANDY/EBAZ4205'
INFO: [Project 1-313] Project file moved from 'C:/Users/lacze/Desktop/AGH-FPGA-S8/AGH-ZYNQ-S8-2021/ADDER_PROJECTS_STANDARD/2 - ANDY/EBAZ4205' since last save.
Scanning sources...
Finished scanning sources
INFO: [IP_Flow 19-234] Refreshing IP repositories
INFO: [IP_Flow 19-1700] Loaded user IP repository 'c:/Users/lacze/Desktop/AGH-FPGA-S8/ip_repo/cordic_ip_1.0'.
INFO: [IP_Flow 19-2313] Loaded Vivado IP repository 'H:/Xilinx/Vivado/2018.3/data/ip'.
update_compile_order -fileset sources_1
exit
INFO: [Common 17-206] Exiting Vivado at Sun May  2 23:57:28 2021...
